<?xml version="1.0" encoding="UTF-8"?>
<testsuite name="org.procedural.GraphTest" tests="6" skipped="0" failures="0" errors="0" timestamp="2020-08-15T20:58:08" hostname="Maadeshs-MacBook-Pro.local" time="0.006">
  <properties/>
  <testcase name="twoPointsWithSameXAndYCoordinatesShouldHaveADistanceOfZero()" classname="org.procedural.GraphTest" time="0.001"/>
  <testcase name="distanceBetweenOriginAndPointsOnUnitCircleShouldBeOne()" classname="org.procedural.GraphTest" time="0.001"/>
  <testcase name="originAndPointOnNegativeXAxisShouldBePiRadiansAway()" classname="org.procedural.GraphTest" time="0.001"/>
  <testcase name="originAndPointOnPositiveXAxisShouldBeZeroRadiansAway()" classname="org.procedural.GraphTest" time="0.0"/>
  <testcase name="originAndPointOnYAxisShouldBeHalfPiRadiansAway()" classname="org.procedural.GraphTest" time="0.0"/>
  <testcase name="distanceBetweenTwoOppositePointsOnUnitCircleShouldBeTwo()" classname="org.procedural.GraphTest" time="0.001"/>
  <system-out><![CDATA[]]></system-out>
  <system-err><![CDATA[]]></system-err>
</testsuite>
