<?xml version="1.0" encoding="UTF-8"?>
<testsuite name="org.procedural.SpaceTest" tests="6" skipped="0" failures="0" errors="0" timestamp="2020-08-16T14:45:15" hostname="Maadeshs-MacBook-Pro.local" time="0.057">
  <properties/>
  <testcase name="twoPointsWithSameXAndYCoordinatesShouldHaveADistanceOfZero()" classname="org.procedural.SpaceTest" time="0.046"/>
  <testcase name="distanceBetweenOriginAndPointsOnUnitCircleShouldBeOne()" classname="org.procedural.SpaceTest" time="0.001"/>
  <testcase name="originAndPointOnNegativeXAxisShouldBePiRadiansAway()" classname="org.procedural.SpaceTest" time="0.001"/>
  <testcase name="originAndPointOnPositiveXAxisShouldBeZeroRadiansAway()" classname="org.procedural.SpaceTest" time="0.001"/>
  <testcase name="originAndPointOnYAxisShouldBeHalfPiRadiansAway()" classname="org.procedural.SpaceTest" time="0.001"/>
  <testcase name="distanceBetweenTwoOppositePointsOnUnitCircleShouldBeTwo()" classname="org.procedural.SpaceTest" time="0.003"/>
  <system-out><![CDATA[]]></system-out>
  <system-err><![CDATA[]]></system-err>
</testsuite>
